<?xml version="1.0" encoding="UTF-8"?>
<!-- Generated by org.testng.reporters.JUnitReportReporter -->
<testsuite hostname="DESKTOP-96UAH58" failures="0" tests="3" name="Testcases.TC_01_LoginTest" time="40.056" errors="0" timestamp="17 Sept 2024 05:41:47 GMT" skipped="0">
  <testcase classname="Testcases.TC_01_LoginTest" name="Login" time="16.372"/>
  <testcase classname="Testcases.TC_01_LoginTest" name="ProjectEnrollment" time="12.385"/>
  <testcase classname="Testcases.TC_01_LoginTest" name="logout" time="11.299"/>
</testsuite> <!-- Testcases.TC_01_LoginTest -->
